<?xml version="1.0" encoding="UTF-8"?>
<!-- Generated by org.testng.reporters.JUnitReportReporter -->
<testsuite skipped="0" hostname="LAPTOP-AUG5HGQL" name="utils.ExcelDataProvider" tests="4" failures="0" timestamp="05 Dec 2020 04:50:14 GMT" time="303.199" errors="0">
  <testcase name="test1" time="94.348" classname="utils.ExcelDataProvider"/>
  <testcase name="test1" time="105.013" classname="utils.ExcelDataProvider"/>
  <testcase name="test1" time="60.376" classname="utils.ExcelDataProvider"/>
  <testcase name="test1" time="43.462" classname="utils.ExcelDataProvider"/>
</testsuite> <!-- utils.ExcelDataProvider -->
