<?xml version="1.0" encoding="UTF-8"?>
<!-- Generated by org.testng.reporters.JUnitReportReporter -->
<testsuite skipped="0" hostname="LAPTOP-AUG5HGQL" name="utils.Screenshots" tests="1" failures="0" timestamp="05 Dec 2020 04:50:15 GMT" time="51.942" errors="0">
  <testcase name="CaptureScreenshot" time="51.942" classname="utils.Screenshots"/>
</testsuite> <!-- utils.Screenshots -->
